
/home/runner/work/exp-thevenin-theorem-iitk/exp-thevenin-theorem-iitk/experiment/simulation/js/main.js
   11:10   warning  'getVoltage' is defined but never used           no-unused-vars
   25:10   warning  'getResistance' is defined but never used        no-unused-vars
   52:9    warning  'rgain' is not defined                           no-undef
   53:62   warning  'rgain' is not defined                           no-undef
   55:66   warning  'rgain' is not defined                           no-undef
   60:10   warning  'get_Vth' is defined but never used              no-unused-vars
   69:10   warning  'get_Rth' is defined but never used              no-unused-vars
   79:10   warning  'get_Iload' is defined but never used            no-unused-vars
   89:10   warning  'output' is defined but never used               no-unused-vars
  100:7    warning  'procedure' is assigned a value but never used   no-unused-vars
  117:15   warning  'rgain' is not defined                           no-undef
  123:10   warning  'i' is not defined                               no-undef
  123:17   warning  'i' is not defined                               no-undef
  123:34   warning  'i' is not defined                               no-undef
  124:53   warning  'i' is not defined                               no-undef
  124:73   warning  'i' is not defined                               no-undef
  133:5    warning  'r12' is assigned a value but never used         no-unused-vars
  134:5    warning  'r13' is assigned a value but never used         no-unused-vars
  146:1    warning  'switch1' is not defined                         no-undef
  147:1    warning  'switch2' is not defined                         no-undef
  154:10   warning  'getVoltages' is defined but never used          no-unused-vars
  167:10   warning  'getResistances' is defined but never used       no-unused-vars
  178:9    warning  'r22' is not defined                             no-undef
  179:61   warning  'r22' is not defined                             no-undef
  181:70   warning  'r22' is not defined                             no-undef
  182:64   warning  'r22' is not defined                             no-undef
  186:9    warning  'r33' is not defined                             no-undef
  187:61   warning  'r33' is not defined                             no-undef
  189:70   warning  'r33' is not defined                             no-undef
  190:64   warning  'r33' is not defined                             no-undef
  194:10   warning  'case1' is defined but never used                no-unused-vars
  195:17   warning  'r22' is not defined                             no-undef
  195:26   warning  'r33' is not defined                             no-undef
  198:20   warning  'r22' is not defined                             no-undef
  198:24   warning  'r33' is not defined                             no-undef
  198:30   warning  'r22' is not defined                             no-undef
  198:34   warning  'r33' is not defined                             no-undef
  200:10   warning  'r33' is not defined                             no-undef
  200:15   warning  'r22' is not defined                             no-undef
  200:19   warning  'r33' is not defined                             no-undef
  212:4    warning  'switch1' is not defined                         no-undef
  212:20   warning  'switch2' is not defined                         no-undef
  216:4    warning  'switch1' is not defined                         no-undef
  218:9    warning  'switch1' is not defined                         no-undef
  218:24   warning  'switch2' is not defined                         no-undef
  223:5    warning  'switch2' is not defined                         no-undef
  232:4    warning  'switch1' is not defined                         no-undef
  235:5    warning  'switch2' is not defined                         no-undef
  239:10   warning  'case2' is defined but never used                no-unused-vars
  240:17   warning  'r22' is not defined                             no-undef
  240:26   warning  'r33' is not defined                             no-undef
  243:24   warning  'r33' is not defined                             no-undef
  243:34   warning  'r33' is not defined                             no-undef
  243:40   warning  'r22' is not defined                             no-undef
  245:10   warning  'r33' is not defined                             no-undef
  245:19   warning  'r33' is not defined                             no-undef
  255:4    warning  'switch1' is not defined                         no-undef
  255:20   warning  'switch2' is not defined                         no-undef
  258:5    warning  'switch2' is not defined                         no-undef
  260:13   warning  'switch1' is not defined                         no-undef
  260:28   warning  'switch2' is not defined                         no-undef
  263:9    warning  'switch1' is not defined                         no-undef
  268:9    warning  'switch2' is not defined                         no-undef
  271:8    warning  'switch1' is not defined                         no-undef
  274:10   warning  'case3' is defined but never used                no-unused-vars
  275:17   warning  'r22' is not defined                             no-undef
  275:26   warning  'r33' is not defined                             no-undef
  278:24   warning  'r22' is not defined                             no-undef
  278:28   warning  'r33' is not defined                             no-undef
  278:34   warning  'r22' is not defined                             no-undef
  278:38   warning  'r33' is not defined                             no-undef
  278:68   warning  'r33' is not defined                             no-undef
  278:78   warning  'r33' is not defined                             no-undef
  278:84   warning  'r22' is not defined                             no-undef
  280:23   warning  'r22' is not defined                             no-undef
  280:27   warning  'r33' is not defined                             no-undef
  280:33   warning  'r22' is not defined                             no-undef
  280:37   warning  'r33' is not defined                             no-undef
  280:50   warning  'r33' is not defined                             no-undef
  280:55   warning  'r22' is not defined                             no-undef
  280:59   warning  'r33' is not defined                             no-undef
  280:83   warning  'r33' is not defined                             no-undef
  280:93   warning  'r33' is not defined                             no-undef
  280:99   warning  'r22' is not defined                             no-undef
  280:106  warning  'r33' is not defined                             no-undef
  280:115  warning  'r33' is not defined                             no-undef
  282:26   warning  'r33' is not defined                             no-undef
  282:36   warning  'r33' is not defined                             no-undef
  282:42   warning  'r22' is not defined                             no-undef
  282:49   warning  'r33' is not defined                             no-undef
  282:58   warning  'r33' is not defined                             no-undef
  282:82   warning  'r33' is not defined                             no-undef
  282:92   warning  'r33' is not defined                             no-undef
  282:98   warning  'r22' is not defined                             no-undef
  282:118  warning  'r22' is not defined                             no-undef
  282:122  warning  'r33' is not defined                             no-undef
  282:128  warning  'r22' is not defined                             no-undef
  282:132  warning  'r33' is not defined                             no-undef
  282:158  warning  'r22' is not defined                             no-undef
  282:162  warning  'r33' is not defined                             no-undef
  282:168  warning  'r22' is not defined                             no-undef
  282:172  warning  'r33' is not defined                             no-undef
  282:185  warning  'r33' is not defined                             no-undef
  282:190  warning  'r22' is not defined                             no-undef
  282:194  warning  'r33' is not defined                             no-undef
  289:8    warning  'switch1' is not defined                         no-undef
  289:26   warning  'switch2' is not defined                         no-undef
  292:9    warning  'switch2' is not defined                         no-undef
  295:9    warning  'switch1' is not defined                         no-undef
  297:12   warning  'switch1' is not defined                         no-undef
  297:27   warning  'switch2' is not defined                         no-undef
  301:13   warning  'switch2' is not defined                         no-undef
  303:12   warning  'switch1' is not defined                         no-undef
  303:28   warning  'switch2' is not defined                         no-undef
  306:13   warning  'switch1' is not defined                         no-undef
  311:7    warning  'procedure1' is assigned a value but never used  no-unused-vars
  334:10   warning  'i' is not defined                               no-undef
  334:17   warning  'i' is not defined                               no-undef
  334:34   warning  'i' is not defined                               no-undef
  335:54   warning  'i' is not defined                               no-undef
  335:74   warning  'i' is not defined                               no-undef

✖ 121 problems (0 errors, 121 warnings)

